appChat/app/build/intermediates/manifest_merge_blame_file/debug/manifest-merger-blame-debug-report.txt
1<?xml version="1.0" encoding="utf-8"?>
2<manifest xmlns:android="http://schemas.android.com/apk/res/android"
3    package="com.pupu.pu1611"
4    android:versionCode="1"
5    android:versionName="1.0" >
6
7    <uses-sdk
8        android:minSdkVersion="23"
8-->src/main/AndroidManifest.xml
9        android:targetSdkVersion="33" />
9-->src/main/AndroidManifest.xml
10
11    <uses-permission android:name="android.permission.INTERNET" />
11-->src/main/AndroidManifest.xml:6:5-67
11-->src/main/AndroidManifest.xml:6:22-64
12    <uses-permission android:name="Manifest.permission.CAMERA" />
12-->src/main/AndroidManifest.xml:7:5-65
12-->src/main/AndroidManifest.xml:7:22-63
13
14    <!-- XXX ACCESS_NETWORK_STATE is required by WebRTC. -->
15    <uses-permission android:name="android.permission.ACCESS_NETWORK_STATE" />
15-->[org.jitsi.react:jitsi-meet-sdk:3.10.2] AndroidManifest.xml:10:5-79
15-->[org.jitsi.react:jitsi-meet-sdk:3.10.2] AndroidManifest.xml:10:22-76
16    <uses-permission android:name="android.permission.BLUETOOTH" />
16-->[org.jitsi.react:jitsi-meet-sdk:3.10.2] AndroidManifest.xml:11:5-68
16-->[org.jitsi.react:jitsi-meet-sdk:3.10.2] AndroidManifest.xml:11:22-65
17    <uses-permission android:name="android.permission.CAMERA" />
17-->[org.jitsi.react:jitsi-meet-sdk:3.10.2] AndroidManifest.xml:12:5-65
17-->[org.jitsi.react:jitsi-meet-sdk:3.10.2] AndroidManifest.xml:12:22-62
18    <uses-permission android:name="android.permission.MANAGE_OWN_CALLS" />
18-->[org.jitsi.react:jitsi-meet-sdk:3.10.2] AndroidManifest.xml:14:5-75
18-->[org.jitsi.react:jitsi-meet-sdk:3.10.2] AndroidManifest.xml:14:22-72
19    <uses-permission android:name="android.permission.MODIFY_AUDIO_SETTINGS" />
19-->[org.jitsi.react:jitsi-meet-sdk:3.10.2] AndroidManifest.xml:15:5-80
19-->[org.jitsi.react:jitsi-meet-sdk:3.10.2] AndroidManifest.xml:15:22-77
20    <uses-permission android:name="android.permission.RECORD_AUDIO" />
20-->[org.jitsi.react:jitsi-meet-sdk:3.10.2] AndroidManifest.xml:16:5-71
20-->[org.jitsi.react:jitsi-meet-sdk:3.10.2] AndroidManifest.xml:16:22-68
21    <uses-permission android:name="android.permission.SYSTEM_ALERT_WINDOW" />
21-->[org.jitsi.react:jitsi-meet-sdk:3.10.2] AndroidManifest.xml:17:5-78
21-->[org.jitsi.react:jitsi-meet-sdk:3.10.2] AndroidManifest.xml:17:22-75
22    <uses-permission android:name="android.permission.WAKE_LOCK" />
22-->[org.jitsi.react:jitsi-meet-sdk:3.10.2] AndroidManifest.xml:18:5-68
22-->[org.jitsi.react:jitsi-meet-sdk:3.10.2] AndroidManifest.xml:18:22-65
23    <uses-permission android:name="android.permission.ACCESS_WIFI_STATE" />
23-->[org.jitsi.react:jitsi-meet-sdk:3.10.2] AndroidManifest.xml:19:5-76
23-->[org.jitsi.react:jitsi-meet-sdk:3.10.2] AndroidManifest.xml:19:22-73
24    <uses-permission android:name="android.permission.FOREGROUND_SERVICE" />
24-->[org.jitsi.react:jitsi-meet-sdk:3.10.2] AndroidManifest.xml:20:5-77
24-->[org.jitsi.react:jitsi-meet-sdk:3.10.2] AndroidManifest.xml:20:22-74
25
26    <uses-feature
26-->[org.jitsi.react:jitsi-meet-sdk:3.10.2] AndroidManifest.xml:22:5-24:35
27        android:glEsVersion="0x00020000"
27-->[org.jitsi.react:jitsi-meet-sdk:3.10.2] AndroidManifest.xml:23:9-41
28        android:required="true" />
28-->[org.jitsi.react:jitsi-meet-sdk:3.10.2] AndroidManifest.xml:24:9-32
29    <uses-feature
29-->[org.jitsi.react:jitsi-meet-sdk:3.10.2] AndroidManifest.xml:25:5-27:36
30        android:name="android.hardware.camera"
30-->[org.jitsi.react:jitsi-meet-sdk:3.10.2] AndroidManifest.xml:26:9-47
31        android:required="false" />
31-->[org.jitsi.react:jitsi-meet-sdk:3.10.2] AndroidManifest.xml:27:9-33
32    <uses-feature
32-->[org.jitsi.react:jitsi-meet-sdk:3.10.2] AndroidManifest.xml:28:5-30:36
33        android:name="android.hardware.camera.autofocus"
33-->[org.jitsi.react:jitsi-meet-sdk:3.10.2] AndroidManifest.xml:29:9-57
34        android:required="false" />
34-->[org.jitsi.react:jitsi-meet-sdk:3.10.2] AndroidManifest.xml:30:9-33
35
36    <uses-permission android:name="android.permission.WRITE_CALENDAR" />
36-->[com.facebook.react:react-native-calendar-events:2.0.0-jitsi-8711917] AndroidManifest.xml:11:5-73
36-->[com.facebook.react:react-native-calendar-events:2.0.0-jitsi-8711917] AndroidManifest.xml:11:22-70
37    <uses-permission android:name="android.permission.READ_CALENDAR" />
37-->[com.facebook.react:react-native-calendar-events:2.0.0-jitsi-8711917] AndroidManifest.xml:12:5-72
37-->[com.facebook.react:react-native-calendar-events:2.0.0-jitsi-8711917] AndroidManifest.xml:12:22-69
38    <uses-permission android:name="android.permission.POST_NOTIFICATIONS" /> <!-- Required by older versions of Google Play services to create IID tokens -->
38-->[com.google.firebase:firebase-messaging:23.1.2] AndroidManifest.xml:25:5-77
38-->[com.google.firebase:firebase-messaging:23.1.2] AndroidManifest.xml:25:22-74
39    <uses-permission android:name="com.google.android.c2dm.permission.RECEIVE" />
39-->[com.google.firebase:firebase-messaging:23.1.2] AndroidManifest.xml:28:5-82
39-->[com.google.firebase:firebase-messaging:23.1.2] AndroidManifest.xml:28:22-79
40
41    <uses-feature
41-->[com.journeyapps:zxing-android-embedded:3.6.0] AndroidManifest.xml:28:5-30:36
42        android:name="android.hardware.camera.front"
42-->[com.journeyapps:zxing-android-embedded:3.6.0] AndroidManifest.xml:29:9-53
43        android:required="false" />
43-->[com.journeyapps:zxing-android-embedded:3.6.0] AndroidManifest.xml:30:9-33
44    <uses-feature
44-->[com.journeyapps:zxing-android-embedded:3.6.0] AndroidManifest.xml:36:5-38:36
45        android:name="android.hardware.camera.flash"
45-->[com.journeyapps:zxing-android-embedded:3.6.0] AndroidManifest.xml:37:9-53
46        android:required="false" />
46-->[com.journeyapps:zxing-android-embedded:3.6.0] AndroidManifest.xml:38:9-33
47    <uses-feature
47-->[com.journeyapps:zxing-android-embedded:3.6.0] AndroidManifest.xml:39:5-41:36
48        android:name="android.hardware.screen.landscape"
48-->[com.journeyapps:zxing-android-embedded:3.6.0] AndroidManifest.xml:40:9-57
49        android:required="false" />
49-->[com.journeyapps:zxing-android-embedded:3.6.0] AndroidManifest.xml:41:9-33
50    <uses-feature
50-->[com.journeyapps:zxing-android-embedded:3.6.0] AndroidManifest.xml:42:5-44:36
51        android:name="android.hardware.wifi"
51-->[com.journeyapps:zxing-android-embedded:3.6.0] AndroidManifest.xml:43:9-45
52        android:required="false" />
52-->[com.journeyapps:zxing-android-embedded:3.6.0] AndroidManifest.xml:44:9-33
53
54    <permission
54-->[androidx.core:core:1.9.0] AndroidManifest.xml:22:5-24:47
55        android:name="com.pupu.pu1611.DYNAMIC_RECEIVER_NOT_EXPORTED_PERMISSION"
55-->[androidx.core:core:1.9.0] AndroidManifest.xml:23:9-81
56        android:protectionLevel="signature" />
56-->[androidx.core:core:1.9.0] AndroidManifest.xml:24:9-44
57
58    <uses-permission android:name="com.pupu.pu1611.DYNAMIC_RECEIVER_NOT_EXPORTED_PERMISSION" />
58-->[androidx.core:core:1.9.0] AndroidManifest.xml:26:5-97
58-->[androidx.core:core:1.9.0] AndroidManifest.xml:26:22-94
59    <uses-permission android:name="com.google.android.finsky.permission.BIND_GET_INSTALL_REFERRER_SERVICE" />
59-->[com.android.installreferrer:installreferrer:1.1.2] AndroidManifest.xml:9:5-110
59-->[com.android.installreferrer:installreferrer:1.1.2] AndroidManifest.xml:9:22-107
60
61    <application
61-->src/main/AndroidManifest.xml:9:5-84:19
62        android:allowBackup="true"
62-->src/main/AndroidManifest.xml:10:9-35
63        android:appComponentFactory="androidx.core.app.CoreComponentFactory"
63-->[androidx.core:core:1.9.0] AndroidManifest.xml:28:18-86
64        android:dataExtractionRules="@xml/data_extraction_rules"
64-->src/main/AndroidManifest.xml:11:9-65
65        android:debuggable="true"
66        android:extractNativeLibs="false"
67        android:fullBackupContent="@xml/backup_rules"
67-->src/main/AndroidManifest.xml:12:9-54
68        android:icon="@mipmap/ic_launcher"
68-->src/main/AndroidManifest.xml:13:9-43
69        android:label="@string/app_name"
69-->src/main/AndroidManifest.xml:14:9-41
70        android:roundIcon="@mipmap/ic_launcher_round"
70-->src/main/AndroidManifest.xml:15:9-54
71        android:supportsRtl="true"
71-->src/main/AndroidManifest.xml:16:9-35
72        android:testOnly="true"
73        android:theme="@style/Theme.MyApplication" >
73-->src/main/AndroidManifest.xml:17:9-51
74        <activity
74-->src/main/AndroidManifest.xml:19:9-25:20
75            android:name="com.pupu.pu1611.Activity.QRScannerActivity"
75-->src/main/AndroidManifest.xml:20:13-55
76            android:exported="false" >
76-->src/main/AndroidManifest.xml:21:13-37
77            <meta-data
77-->src/main/AndroidManifest.xml:22:13-24:36
78                android:name="android.app.lib_name"
78-->src/main/AndroidManifest.xml:23:17-52
79                android:value="" />
79-->src/main/AndroidManifest.xml:24:17-33
80        </activity>
81        <activity
81-->src/main/AndroidManifest.xml:26:9-32:20
82            android:name="com.pupu.pu1611.Activity.UserProfileActivity"
82-->src/main/AndroidManifest.xml:27:13-57
83            android:exported="false" >
83-->src/main/AndroidManifest.xml:28:13-37
84            <meta-data
84-->src/main/AndroidManifest.xml:22:13-24:36
85                android:name="android.app.lib_name"
85-->src/main/AndroidManifest.xml:23:17-52
86                android:value="" />
86-->src/main/AndroidManifest.xml:24:17-33
87        </activity>
88        <activity
88-->src/main/AndroidManifest.xml:33:9-39:20
89            android:name="com.pupu.pu1611.Activity.AddPostActivity"
89-->src/main/AndroidManifest.xml:34:13-53
90            android:exported="false" >
90-->src/main/AndroidManifest.xml:35:13-37
91            <meta-data
91-->src/main/AndroidManifest.xml:22:13-24:36
92                android:name="android.app.lib_name"
92-->src/main/AndroidManifest.xml:23:17-52
93                android:value="" />
93-->src/main/AndroidManifest.xml:24:17-33
94        </activity>
95        <activity
95-->src/main/AndroidManifest.xml:40:9-43:58
96            android:name="com.pupu.pu1611.Activity.ChatActivity"
96-->src/main/AndroidManifest.xml:41:13-50
97            android:exported="false"
97-->src/main/AndroidManifest.xml:42:13-37
98            android:windowSoftInputMode="adjustResize" />
98-->src/main/AndroidManifest.xml:43:13-55
99        <activity
99-->src/main/AndroidManifest.xml:44:9-46:40
100            android:name="com.pupu.pu1611.Activity.UserActivity"
100-->src/main/AndroidManifest.xml:45:13-50
101            android:exported="false" />
101-->src/main/AndroidManifest.xml:46:13-37
102        <activity
102-->src/main/AndroidManifest.xml:47:9-49:40
103            android:name="com.pupu.pu1611.Activity.VerityOTPActivity"
103-->src/main/AndroidManifest.xml:48:13-55
104            android:exported="false" />
104-->src/main/AndroidManifest.xml:49:13-37
105        <activity
105-->src/main/AndroidManifest.xml:50:9-52:40
106            android:name="com.pupu.pu1611.Activity.SendOTPActivity"
106-->src/main/AndroidManifest.xml:51:13-53
107            android:exported="false" />
107-->src/main/AndroidManifest.xml:52:13-37
108        <activity
108-->src/main/AndroidManifest.xml:53:9-55:40
109            android:name="com.pupu.pu1611.Activity.OutgoingInvitationActivity"
109-->src/main/AndroidManifest.xml:54:13-64
110            android:exported="false" />
110-->src/main/AndroidManifest.xml:55:13-37
111        <activity
111-->src/main/AndroidManifest.xml:56:9-58:40
112            android:name="com.pupu.pu1611.Activity.IncomingInvitationActivity"
112-->src/main/AndroidManifest.xml:57:13-64
113            android:exported="false" />
113-->src/main/AndroidManifest.xml:58:13-37
114        <activity
114-->src/main/AndroidManifest.xml:59:9-68:20
115            android:name="com.pupu.pu1611.Activity.LognInActivity"
115-->src/main/AndroidManifest.xml:60:13-52
116            android:exported="true"
116-->src/main/AndroidManifest.xml:61:13-36
117            android:windowSoftInputMode="adjustResize" >
117-->src/main/AndroidManifest.xml:62:13-55
118            <intent-filter>
118-->src/main/AndroidManifest.xml:63:13-67:29
119                <action android:name="android.intent.action.MAIN" />
119-->src/main/AndroidManifest.xml:64:17-69
119-->src/main/AndroidManifest.xml:64:25-66
120
121                <category android:name="android.intent.category.LAUNCHER" />
121-->src/main/AndroidManifest.xml:66:17-77
121-->src/main/AndroidManifest.xml:66:27-74
122            </intent-filter>
123        </activity>
124        <activity
124-->src/main/AndroidManifest.xml:69:9-72:58
125            android:name="com.pupu.pu1611.Activity.LognUpActivity"
125-->src/main/AndroidManifest.xml:70:13-52
126            android:exported="false"
126-->src/main/AndroidManifest.xml:71:13-37
127            android:windowSoftInputMode="adjustResize" />
127-->src/main/AndroidManifest.xml:72:13-55
128        <activity
128-->src/main/AndroidManifest.xml:73:9-75:48
129            android:name="com.pupu.pu1611.MainActivity"
129-->src/main/AndroidManifest.xml:74:13-41
130            android:exported="true" />
130-->src/main/AndroidManifest.xml:75:13-36
131
132        <service
132-->src/main/AndroidManifest.xml:77:9-83:19
133            android:name="com.pupu.pu1611.Firebase.MessagingService"
133-->src/main/AndroidManifest.xml:78:13-54
134            android:exported="true" >
134-->src/main/AndroidManifest.xml:79:13-36
135            <intent-filter>
135-->src/main/AndroidManifest.xml:80:13-82:29
136                <action android:name="com.google.firebase.MESSAGING_EVENT" />
136-->src/main/AndroidManifest.xml:81:17-78
136-->src/main/AndroidManifest.xml:81:25-75
137            </intent-filter>
138        </service>
139
140        <activity
140-->[org.jitsi.react:jitsi-meet-sdk:3.10.2] AndroidManifest.xml:36:9-42:58
141            android:name="org.jitsi.meet.sdk.JitsiMeetActivity"
141-->[org.jitsi.react:jitsi-meet-sdk:3.10.2] AndroidManifest.xml:37:13-64
142            android:configChanges="keyboard|keyboardHidden|orientation|screenLayout|screenSize|smallestScreenSize"
142-->[org.jitsi.react:jitsi-meet-sdk:3.10.2] AndroidManifest.xml:38:13-115
143            android:launchMode="singleTask"
143-->[org.jitsi.react:jitsi-meet-sdk:3.10.2] AndroidManifest.xml:39:13-44
144            android:resizeableActivity="true"
144-->[org.jitsi.react:jitsi-meet-sdk:3.10.2] AndroidManifest.xml:40:13-46
145            android:supportsPictureInPicture="true"
145-->[org.jitsi.react:jitsi-meet-sdk:3.10.2] AndroidManifest.xml:41:13-52
146            android:windowSoftInputMode="adjustResize" />
146-->[org.jitsi.react:jitsi-meet-sdk:3.10.2] AndroidManifest.xml:42:13-55
147        <activity android:name="com.facebook.react.devsupport.DevSettingsActivity" />
147-->[org.jitsi.react:jitsi-meet-sdk:3.10.2] AndroidManifest.xml:43:9-86
147-->[org.jitsi.react:jitsi-meet-sdk:3.10.2] AndroidManifest.xml:43:19-83
148
149        <service
149-->[org.jitsi.react:jitsi-meet-sdk:3.10.2] AndroidManifest.xml:45:9-52:19
150            android:name="org.jitsi.meet.sdk.ConnectionService"
150-->[org.jitsi.react:jitsi-meet-sdk:3.10.2] AndroidManifest.xml:46:13-64
151            android:exported="true"
151-->[org.jitsi.react:jitsi-meet-sdk:3.10.2] AndroidManifest.xml:47:13-36
152            android:permission="android.permission.BIND_TELECOM_CONNECTION_SERVICE" >
152-->[org.jitsi.react:jitsi-meet-sdk:3.10.2] AndroidManifest.xml:48:13-84
153            <intent-filter>
153-->[org.jitsi.react:jitsi-meet-sdk:3.10.2] AndroidManifest.xml:49:13-51:29
154                <action android:name="android.telecom.ConnectionService" />
154-->[org.jitsi.react:jitsi-meet-sdk:3.10.2] AndroidManifest.xml:50:17-76
154-->[org.jitsi.react:jitsi-meet-sdk:3.10.2] AndroidManifest.xml:50:25-73
155            </intent-filter>
156        </service>
157        <service
157-->[org.jitsi.react:jitsi-meet-sdk:3.10.2] AndroidManifest.xml:53:9-55:63
158            android:name="org.jitsi.meet.sdk.JitsiMeetOngoingConferenceService"
158-->[org.jitsi.react:jitsi-meet-sdk:3.10.2] AndroidManifest.xml:54:13-80
159            android:foregroundServiceType="mediaProjection" />
159-->[org.jitsi.react:jitsi-meet-sdk:3.10.2] AndroidManifest.xml:55:13-60
160
161        <provider
161-->[org.jitsi.react:jitsi-meet-sdk:3.10.2] AndroidManifest.xml:57:9-62:20
162            android:name="com.reactnativecommunity.webview.RNCWebViewFileProvider"
162-->[org.jitsi.react:jitsi-meet-sdk:3.10.2] AndroidManifest.xml:58:13-83
163            android:authorities="com.pupu.pu1611.fileprovider"
163-->[org.jitsi.react:jitsi-meet-sdk:3.10.2] AndroidManifest.xml:59:13-64
164            android:enabled="false"
164-->[org.jitsi.react:jitsi-meet-sdk:3.10.2] AndroidManifest.xml:60:13-36
165            android:exported="false"
165-->[com.facebook.react:react-native-webview:11.0.2-jitsi-8711917] AndroidManifest.xml:15:13-37
166            android:grantUriPermissions="true" >
166-->[com.facebook.react:react-native-webview:11.0.2-jitsi-8711917] AndroidManifest.xml:16:13-47
167            <meta-data
167-->[com.facebook.react:react-native-webview:11.0.2-jitsi-8711917] AndroidManifest.xml:17:13-19:63
168                android:name="android.support.FILE_PROVIDER_PATHS"
168-->[com.facebook.react:react-native-webview:11.0.2-jitsi-8711917] AndroidManifest.xml:18:17-67
169                android:resource="@xml/file_provider_paths" />
169-->[com.facebook.react:react-native-webview:11.0.2-jitsi-8711917] AndroidManifest.xml:19:17-60
170        </provider>
171        <provider
171-->[com.facebook.react:react-native-performance:2.0.0-jitsi-8711917] AndroidManifest.xml:10:9-13:40
172            android:name="com.oblador.performance.StartTimeProvider"
172-->[com.facebook.react:react-native-performance:2.0.0-jitsi-8711917] AndroidManifest.xml:11:13-69
173            android:authorities="com.pupu.pu1611.start.time.provider"
173-->[com.facebook.react:react-native-performance:2.0.0-jitsi-8711917] AndroidManifest.xml:12:13-71
174            android:exported="false" />
174-->[com.facebook.react:react-native-performance:2.0.0-jitsi-8711917] AndroidManifest.xml:13:13-37
175
176        <activity
176-->[com.google.firebase:firebase-auth:21.3.0] AndroidManifest.xml:29:9-46:20
177            android:name="com.google.firebase.auth.internal.GenericIdpActivity"
177-->[com.google.firebase:firebase-auth:21.3.0] AndroidManifest.xml:30:13-80
178            android:excludeFromRecents="true"
178-->[com.google.firebase:firebase-auth:21.3.0] AndroidManifest.xml:31:13-46
179            android:exported="true"
179-->[com.google.firebase:firebase-auth:21.3.0] AndroidManifest.xml:32:13-36
180            android:launchMode="singleTask"
180-->[com.google.firebase:firebase-auth:21.3.0] AndroidManifest.xml:33:13-44
181            android:theme="@android:style/Theme.Translucent.NoTitleBar" >
181-->[com.google.firebase:firebase-auth:21.3.0] AndroidManifest.xml:34:13-72
182            <intent-filter>
182-->[com.google.firebase:firebase-auth:21.3.0] AndroidManifest.xml:35:13-45:29
183                <action android:name="android.intent.action.VIEW" />
183-->[com.google.firebase:firebase-auth:21.3.0] AndroidManifest.xml:36:17-69
183-->[com.google.firebase:firebase-auth:21.3.0] AndroidManifest.xml:36:25-66
184
185                <category android:name="android.intent.category.DEFAULT" />
185-->[com.google.firebase:firebase-auth:21.3.0] AndroidManifest.xml:38:17-76
185-->[com.google.firebase:firebase-auth:21.3.0] AndroidManifest.xml:38:27-73
186                <category android:name="android.intent.category.BROWSABLE" />
186-->[com.google.firebase:firebase-auth:21.3.0] AndroidManifest.xml:39:17-78
186-->[com.google.firebase:firebase-auth:21.3.0] AndroidManifest.xml:39:27-75
187
188                <data
188-->[com.google.firebase:firebase-auth:21.3.0] AndroidManifest.xml:41:17-44:51
189                    android:host="firebase.auth"
189-->[com.google.firebase:firebase-auth:21.3.0] AndroidManifest.xml:42:21-49
190                    android:path="/"
190-->[com.google.firebase:firebase-auth:21.3.0] AndroidManifest.xml:43:21-37
191                    android:scheme="genericidp" />
191-->[com.google.firebase:firebase-auth:21.3.0] AndroidManifest.xml:44:21-48
192            </intent-filter>
193        </activity>
194        <activity
194-->[com.google.firebase:firebase-auth:21.3.0] AndroidManifest.xml:47:9-64:20
195            android:name="com.google.firebase.auth.internal.RecaptchaActivity"
195-->[com.google.firebase:firebase-auth:21.3.0] AndroidManifest.xml:48:13-79
196            android:excludeFromRecents="true"
196-->[com.google.firebase:firebase-auth:21.3.0] AndroidManifest.xml:49:13-46
197            android:exported="true"
197-->[com.google.firebase:firebase-auth:21.3.0] AndroidManifest.xml:50:13-36
198            android:launchMode="singleTask"
198-->[com.google.firebase:firebase-auth:21.3.0] AndroidManifest.xml:51:13-44
199            android:theme="@android:style/Theme.Translucent.NoTitleBar" >
199-->[com.google.firebase:firebase-auth:21.3.0] AndroidManifest.xml:52:13-72
200            <intent-filter>
200-->[com.google.firebase:firebase-auth:21.3.0] AndroidManifest.xml:53:13-63:29
201                <action android:name="android.intent.action.VIEW" />
201-->[com.google.firebase:firebase-auth:21.3.0] AndroidManifest.xml:36:17-69
201-->[com.google.firebase:firebase-auth:21.3.0] AndroidManifest.xml:36:25-66
202
203                <category android:name="android.intent.category.DEFAULT" />
203-->[com.google.firebase:firebase-auth:21.3.0] AndroidManifest.xml:38:17-76
203-->[com.google.firebase:firebase-auth:21.3.0] AndroidManifest.xml:38:27-73
204                <category android:name="android.intent.category.BROWSABLE" />
204-->[com.google.firebase:firebase-auth:21.3.0] AndroidManifest.xml:39:17-78
204-->[com.google.firebase:firebase-auth:21.3.0] AndroidManifest.xml:39:27-75
205
206                <data
206-->[com.google.firebase:firebase-auth:21.3.0] AndroidManifest.xml:41:17-44:51
207                    android:host="firebase.auth"
207-->[com.google.firebase:firebase-auth:21.3.0] AndroidManifest.xml:42:21-49
208                    android:path="/"
208-->[com.google.firebase:firebase-auth:21.3.0] AndroidManifest.xml:43:21-37
209                    android:scheme="recaptcha" />
209-->[com.google.firebase:firebase-auth:21.3.0] AndroidManifest.xml:44:21-48
210            </intent-filter>
211        </activity>
212
213        <service
213-->[com.google.firebase:firebase-auth:21.3.0] AndroidManifest.xml:66:9-72:19
214            android:name="com.google.firebase.components.ComponentDiscoveryService"
214-->[com.google.firebase:firebase-auth:21.3.0] AndroidManifest.xml:67:13-84
215            android:directBootAware="true"
215-->[com.google.firebase:firebase-common:20.3.1] AndroidManifest.xml:34:13-43
216            android:exported="false" >
216-->[com.google.firebase:firebase-auth:21.3.0] AndroidManifest.xml:68:13-37
217            <meta-data
217-->[com.google.firebase:firebase-auth:21.3.0] AndroidManifest.xml:69:13-71:85
218                android:name="com.google.firebase.components:com.google.firebase.auth.FirebaseAuthRegistrar"
218-->[com.google.firebase:firebase-auth:21.3.0] AndroidManifest.xml:70:17-109
219                android:value="com.google.firebase.components.ComponentRegistrar" />
219-->[com.google.firebase:firebase-auth:21.3.0] AndroidManifest.xml:71:17-82
220            <meta-data
220-->[com.google.firebase:firebase-messaging:23.1.2] AndroidManifest.xml:55:13-57:85
221                android:name="com.google.firebase.components:com.google.firebase.messaging.FirebaseMessagingRegistrar"
221-->[com.google.firebase:firebase-messaging:23.1.2] AndroidManifest.xml:56:17-119
222                android:value="com.google.firebase.components.ComponentRegistrar" />
222-->[com.google.firebase:firebase-messaging:23.1.2] AndroidManifest.xml:57:17-82
223            <meta-data
223-->[com.google.firebase:firebase-firestore:24.5.0] AndroidManifest.xml:19:13-21:85
224                android:name="com.google.firebase.components:com.google.firebase.firestore.FirestoreRegistrar"
224-->[com.google.firebase:firebase-firestore:24.5.0] AndroidManifest.xml:20:17-111
225                android:value="com.google.firebase.components.ComponentRegistrar" />
225-->[com.google.firebase:firebase-firestore:24.5.0] AndroidManifest.xml:21:17-82
226            <meta-data
226-->[com.google.firebase:firebase-storage:20.1.0] AndroidManifest.xml:32:13-34:85
227                android:name="com.google.firebase.components:com.google.firebase.storage.StorageRegistrar"
227-->[com.google.firebase:firebase-storage:20.1.0] AndroidManifest.xml:33:17-107
228                android:value="com.google.firebase.components.ComponentRegistrar" />
228-->[com.google.firebase:firebase-storage:20.1.0] AndroidManifest.xml:34:17-82
229            <meta-data
229-->[com.google.firebase:firebase-datatransport:18.1.7] AndroidManifest.xml:27:13-29:85
230                android:name="com.google.firebase.components:com.google.firebase.datatransport.TransportRegistrar"
230-->[com.google.firebase:firebase-datatransport:18.1.7] AndroidManifest.xml:28:17-115
231                android:value="com.google.firebase.components.ComponentRegistrar" />
231-->[com.google.firebase:firebase-datatransport:18.1.7] AndroidManifest.xml:29:17-82
232            <meta-data
232-->[com.google.firebase:firebase-installations:17.1.3] AndroidManifest.xml:17:13-19:85
233                android:name="com.google.firebase.components:com.google.firebase.installations.FirebaseInstallationsRegistrar"
233-->[com.google.firebase:firebase-installations:17.1.3] AndroidManifest.xml:18:17-127
234                android:value="com.google.firebase.components.ComponentRegistrar" />
234-->[com.google.firebase:firebase-installations:17.1.3] AndroidManifest.xml:19:17-82
235        </service>
236
237        <receiver
237-->[com.google.firebase:firebase-messaging:23.1.2] AndroidManifest.xml:31:9-38:20
238            android:name="com.google.firebase.iid.FirebaseInstanceIdReceiver"
238-->[com.google.firebase:firebase-messaging:23.1.2] AndroidManifest.xml:32:13-78
239            android:exported="true"
239-->[com.google.firebase:firebase-messaging:23.1.2] AndroidManifest.xml:33:13-36
240            android:permission="com.google.android.c2dm.permission.SEND" >
240-->[com.google.firebase:firebase-messaging:23.1.2] AndroidManifest.xml:34:13-73
241            <intent-filter>
241-->[com.google.firebase:firebase-messaging:23.1.2] AndroidManifest.xml:35:13-37:29
242                <action android:name="com.google.android.c2dm.intent.RECEIVE" />
242-->[com.google.firebase:firebase-messaging:23.1.2] AndroidManifest.xml:36:17-81
242-->[com.google.firebase:firebase-messaging:23.1.2] AndroidManifest.xml:36:25-78
243            </intent-filter>
244        </receiver>
245        <!--
246             FirebaseMessagingService performs security checks at runtime,
247             but set to not exported to explicitly avoid allowing another app to call it.
248        -->
249        <service
249-->[com.google.firebase:firebase-messaging:23.1.2] AndroidManifest.xml:44:9-51:19
250            android:name="com.google.firebase.messaging.FirebaseMessagingService"
250-->[com.google.firebase:firebase-messaging:23.1.2] AndroidManifest.xml:45:13-82
251            android:directBootAware="true"
251-->[com.google.firebase:firebase-messaging:23.1.2] AndroidManifest.xml:46:13-43
252            android:exported="false" >
252-->[com.google.firebase:firebase-messaging:23.1.2] AndroidManifest.xml:47:13-37
253            <intent-filter android:priority="-500" >
253-->src/main/AndroidManifest.xml:80:13-82:29
254                <action android:name="com.google.firebase.MESSAGING_EVENT" />
254-->src/main/AndroidManifest.xml:81:17-78
254-->src/main/AndroidManifest.xml:81:25-75
255            </intent-filter>
256        </service>
257
258        <activity
258-->[com.journeyapps:zxing-android-embedded:3.6.0] AndroidManifest.xml:47:9-53:63
259            android:name="com.journeyapps.barcodescanner.CaptureActivity"
259-->[com.journeyapps:zxing-android-embedded:3.6.0] AndroidManifest.xml:48:13-74
260            android:clearTaskOnLaunch="true"
260-->[com.journeyapps:zxing-android-embedded:3.6.0] AndroidManifest.xml:49:13-45
261            android:screenOrientation="sensorLandscape"
261-->[com.journeyapps:zxing-android-embedded:3.6.0] AndroidManifest.xml:50:13-56
262            android:stateNotNeeded="true"
262-->[com.journeyapps:zxing-android-embedded:3.6.0] AndroidManifest.xml:51:13-42
263            android:theme="@style/zxing_CaptureTheme"
263-->[com.journeyapps:zxing-android-embedded:3.6.0] AndroidManifest.xml:52:13-54
264            android:windowSoftInputMode="stateAlwaysHidden" />
264-->[com.journeyapps:zxing-android-embedded:3.6.0] AndroidManifest.xml:53:13-60
265
266        <provider
266-->[com.squareup.picasso:picasso:2.8] AndroidManifest.xml:8:9-11:40
267            android:name="com.squareup.picasso.PicassoProvider"
267-->[com.squareup.picasso:picasso:2.8] AndroidManifest.xml:9:13-64
268            android:authorities="com.pupu.pu1611.com.squareup.picasso"
268-->[com.squareup.picasso:picasso:2.8] AndroidManifest.xml:10:13-72
269            android:exported="false" />
269-->[com.squareup.picasso:picasso:2.8] AndroidManifest.xml:11:13-37
270
271        <service
271-->[com.google.android.datatransport:transport-backend-cct:3.1.8] AndroidManifest.xml:28:9-34:19
272            android:name="com.google.android.datatransport.runtime.backends.TransportBackendDiscovery"
272-->[com.google.android.datatransport:transport-backend-cct:3.1.8] AndroidManifest.xml:29:13-103
273            android:exported="false" >
273-->[com.google.android.datatransport:transport-backend-cct:3.1.8] AndroidManifest.xml:30:13-37
274            <meta-data
274-->[com.google.android.datatransport:transport-backend-cct:3.1.8] AndroidManifest.xml:31:13-33:39